make all --print-data-base --no-builtin-variables --no-builtin-rules --question
make: *** No rule to make target 'all'.  Stop.
 
# GNU Make 4.3
# Built for x86_64-pc-linux-gnu
# Copyright (C) 1988-2020 Free Software Foundation, Inc.
# License GPLv3+: GNU GPL version 3 or later <http://gnu.org/licenses/gpl.html>
# This is free software: you are free to change and redistribute it.
# There is NO WARRANTY, to the extent permitted by law.

# Make data base, printed on Fri Feb 18 22:38:04 2022

# Variables

# environment
GDK_BACKEND = x11
# environment
LC_ALL = C
# environment
NO_AT_BRIDGE = 1
# environment
GJS_DEBUG_OUTPUT = stderr
# environment
VSCODE_IPC_HOOK_EXTHOST = /run/user/1000/vscode-ipc-c4b8ebe5-b661-40bf-a795-bf4f587cb110.sock
# environment
VSCODE_CWD = /home/cixo
# environment
WINDOWPATH = 2
# environment
GDM_LANG = pl_PL.UTF-8
# default
MAKE_COMMAND := make
# automatic
@D = $(patsubst %/,%,$(dir $@))
# environment
VSCODE_HANDLES_UNCAUGHT_ERRORS = true
# default
.VARIABLES := 
# environment
PWD = /home/cixo/cx-private/projects/ClasciOS
# automatic
%D = $(patsubst %/,%,$(dir $%))
# environment
MAIL = /var/spool/mail/cixo
# automatic
^D = $(patsubst %/,%,$(dir $^))
# environment
VSCODE_LOG_STACK = false
# automatic
%F = $(notdir $%)
# environment
VSCODE_CODE_CACHE_PATH = /home/cixo/.config/Code - OSS/CachedData/f80445acd5a3dadef24aa209168452a3d97cc326
# makefile (from 'Makefile', line 20)
PLATFORM_OBJ = Platforms/$(MMCU).o
# environment
LANG = C
# environment
XAUTHORITY = /run/user/1000/gdm/Xauthority
# default
.LOADED := 
# default
.INCLUDE_DIRS = /usr/include /usr/local/include /usr/include
# makefile
MAKEFLAGS = pqrR
# makefile
CURDIR := /home/cixo/cx-private/projects/ClasciOS
# environment
VSCODE_PIPE_LOGGING = true
# environment
APPLICATION_INSIGHTS_NO_DIAGNOSTIC_CHANNEL = true
# automatic
*D = $(patsubst %/,%,$(dir $*))
# environment
MFLAGS = -pqrR
# environment
SSH_AUTH_SOCK = /run/user/1000/keyring/ssh
# default
.SHELLFLAGS := -c
# automatic
+D = $(patsubst %/,%,$(dir $+))
# environment
XDG_SESSION_DESKTOP = gnome
# environment
VSCODE_CRASH_REPORTER_START_OPTIONS = {"companyName":"Microsoft","productName":"Code - OSS","submitURL":"","uploadToServer":false}
# makefile (from 'Makefile', line 1)
MAKEFILE_LIST := Makefile
# automatic
@F = $(notdir $@)
# makefile (from 'Makefile', line 26)
SIZEFLAGS = --mcu=$(MMCU) -C
# environment
VSCODE_VERBOSE_LOGGING = true
# environment
VSCODE_PID = 11956
# environment
XDG_SESSION_TYPE = x11
# automatic
?D = $(patsubst %/,%,$(dir $?))
# environment
SESSION_MANAGER = local/cixo-station:@/tmp/.ICE-unix/2898,unix/cixo-station:/tmp/.ICE-unix/2898
# automatic
*F = $(notdir $*)
# environment
CHROME_DESKTOP = code-oss.desktop
# environment
DBUS_SESSION_BUS_ADDRESS = unix:path=/run/user/1000/bus
# automatic
<D = $(patsubst %/,%,$(dir $<))
# environment
VSCODE_NLS_CONFIG = {"locale":"pl","availableLanguages":{"*":"pl"},"_languagePackId":"4cd42042559302f3f67484cceac54709.pl","_translationsConfigFile":"/home/cixo/.config/Code - OSS/clp/4cd42042559302f3f67484cceac54709.pl/tcf.json","_cacheRoot":"/home/cixo/.config/Code - OSS/clp/4cd42042559302f3f67484cceac54709.pl","_resolvedLanguagePackCoreLocation":"/home/cixo/.config/Code - OSS/clp/4cd42042559302f3f67484cceac54709.pl/f80445acd5a3dadef24aa209168452a3d97cc326","_corruptedFile":"/home/cixo/.config/Code - OSS/clp/4cd42042559302f3f67484cceac54709.pl/corrupted.info","_languagePackSupport":true}
# environment
BREAKPAD_DUMP_LOCATION = /home/cixo/.config/Code - OSS/exthost Crash Reports
# default
MAKE_HOST := x86_64-pc-linux-gnu
# makefile (from 'Makefile', line 22)
SHELL = /bin/sh
# default
MAKECMDGOALS := all
# makefile (from 'Makefile', line 16)
COMPILED = Test.bin
# environment
GJS_DEBUG_TOPICS = JS ERROR;JS LOG
# environment
SHLVL = 0
# environment
MAKELEVEL := 0
# default
MAKE = $(MAKE_COMMAND)
# environment
PATH = /usr/local/bin:/usr/bin:/usr/local/sbin:/usr/bin/site_perl:/usr/bin/vendor_perl:/usr/bin/core_perl
# default
MAKEFILES := 
# makefile (from 'Makefile', line 29)
DUDE = avrdude
# environment
MOTD_SHOWN = pam
# automatic
^F = $(notdir $^)
# environment
INVOCATION_ID = 54b36f426a50459988866f75c6ec1500
# environment
VSCODE_LOG_NATIVE = false
# environment
USERNAME = cixo
# makefile (from 'Makefile', line 30)
SIZE = avr-size
# automatic
?F = $(notdir $?)
# makefile (from 'Makefile', line 17)
CLASCI_SRC = $(wildcard Clasci/*.cpp)
# environment
XDG_CURRENT_DESKTOP = GNOME
# automatic
+F = $(notdir $+)
# environment
DESKTOP_SESSION = gnome
# environment
ORIGINAL_XDG_CURRENT_DESKTOP = GNOME
# 'override' directive
GNUMAKEFLAGS := 
# environment
LOGNAME = cixo
# environment
GIO_LAUNCHED_DESKTOP_FILE = /usr/share/applications/code-oss.desktop
# makefile
.DEFAULT_GOAL := All
# environment
SYSTEMD_EXEC_PID = 2914
# makefile (from 'Makefile', line 15)
SOURCE = Test.cpp
# environment
DISPLAY = :1
# environment
USER = cixo
# default
MAKE_VERSION := 4.3
# environment
MANAGERPID = 2848
# makefile (from 'Makefile', line 19)
PLATFORM_SRC = Platforms/$(MMCU).cpp
# environment
GIO_LAUNCHED_DESKTOP_FILE_PID = 11942
# environment
_ = /usr/bin/make
# environment
XDG_RUNTIME_DIR = /run/user/1000
# environment
JOURNAL_STREAM = 8:48865
# makefile (from 'Makefile', line 18)
CLASCI_OBJ = $(patsubst %.cpp, %.o, $(CLASCI_SRC))
# environment
XDG_SESSION_CLASS = user
# environment
VSCODE_AMD_ENTRYPOINT = vs/workbench/services/extensions/node/extensionHostProcess
# environment
HOME = /home/cixo
# environment
ELECTRON_RUN_AS_NODE = 1
# environment
VSCODE_IPC_HOOK = /run/user/1000/vscode-a5ab7f66-1.64.2-main.sock
# default
.RECIPEPREFIX := 
# automatic
<F = $(notdir $<)
# default
SUFFIXES := 
# environment
VSCODE_CLI = 1
# environment
ELECTRON_NO_ATTACH_CONSOLE = 1
# makefile (from 'Makefile', line 31)
DELETE = rm -f
# makefile (from 'Makefile', line 32)
MOVE = mv
# makefile (from 'Makefile', line 24)
CXXFLAGS = -std=c++17 -I. -Os -g -Wall -mmcu=$(MMCU) -mint8
# default
.FEATURES := target-specific order-only second-expansion else-if shortest-stem undefine oneshell nocomment grouped-target extra-prereqs archives jobserver output-sync check-symlink guile load
# makefile (from 'Makefile', line 28)
CC = avr-g++
# environment
XDG_MENU_PREFIX = gnome-
# environment
GDMSESSION = gnome
# makefile (from 'Makefile', line 25)
DUDEFLAGS = -c $(PROGRAMMER) -p $(MMCU)
# variable set hash-table stats:
# Load=106/1024=10%, Rehash=0, Collisions=6/144=4%

# Pattern-specific Variable Values

# No pattern-specific variable values.

# Directories

# . (device 38, inode -7459173316348775752): 8 files, no impossibilities.
# Clasci (device 38, inode -7458143435439655128): 7 files, no impossibilities.

# 15 files, no impossibilities in 2 directories.

# Implicit Rules

# No implicit rules.

# Files

Clasci/Scheduler.o: Clasci/Scheduler.cpp
#  Implicit rule search has not been done.
#  Implicit/static pattern stem: 'Clasci/Scheduler'
#  Modification time never checked.
#  File has not been updated.
#  recipe to execute (from 'Makefile', line 39):
	$(CC) $(CXXFLAGS) -c $< -o $@

# Not a target:
Makefile:
#  Implicit rule search has been done.
#  Last modified 2022-02-18 12:59:06.6790678
#  File has been updated.
#  Successfully updated.

All: Clean Compile Size
#  Implicit rule search has not been done.
#  Modification time never checked.
#  File has not been updated.

# Not a target:
.DEFAULT:
#  Implicit rule search has not been done.
#  Modification time never checked.
#  File has not been updated.

# Not a target:
all:
#  Command line target.
#  Implicit rule search has been done.
#  File does not exist.
#  File has not been updated.

Platform:
#  Implicit rule search has not been done.
#  Modification time never checked.
#  File has not been updated.
#  recipe to execute (from 'Makefile', line 42):
	$(CC) $(CXXFLAGS) -c $(PLATFORM_SRC) -o $(PLATFORM_OBJ)

Burn:
#  Implicit rule search has not been done.
#  Modification time never checked.
#  File has not been updated.
#  recipe to execute (from 'Makefile', line 57):
	$(DUDE) $(DUDEFLAGS) -U flash:w:$(COMPILED)

Clean:
#  Phony target (prerequisite of .PHONY).
#  Implicit rule search has not been done.
#  File does not exist.
#  File has not been updated.
#  recipe to execute (from 'Makefile', line 50):
	$(DELETE) $(CLASCI_OBJ)
	$(DELETE) $(COMPILED)

# Not a target:
Clasci/Scheduler.cpp:
 
#  Implicit rule search has not been done.
#  Modification time never checked.
#  File has not been updated.

Clasci: Clasci/Scheduler.o
#  Implicit rule search has not been done.
#  Modification time never checked.
#  File has not been updated.

Compile: Clasci Platform
#  Implicit rule search has not been done.
#  Modification time never checked.
#  File has not been updated.
#  recipe to execute (from 'Makefile', line 45):
	$(CC) $(CXXFLAGS) -o $(COMPILED) $(CLASCI_OBJ) $(PLATFORM_OBJ) $(SOURCE)

.PHONY: Clean
#  Implicit rule search has not been done.
#  Modification time never checked.
#  File has not been updated.

Size:
#  Implicit rule search has not been done.
#  Modification time never checked.
#  File has not been updated.
#  recipe to execute (from 'Makefile', line 54):
	$(SIZE) $(SIZEFLAGS) $(COMPILED)

# files hash-table stats:
# Load=14/1024=1%, Rehash=0, Collisions=0/36=0%
# VPATH Search Paths

# No 'vpath' search paths.

# No general ('VPATH' variable) search path.

# strcache buffers: 1 (0) / strings = 30 / storage = 288 B / avg = 9 B
# current buf: size = 8162 B / used = 288 B / count = 30 / avg = 9 B

# strcache performance: lookups = 54 / hit rate = 44%
# hash-table stats:
# Load=30/8192=0%, Rehash=0, Collisions=0/54=0%
# Finished Make data base on Fri Feb 18 22:38:04 2022

 
